<?xml version="1.0" encoding="UTF-8"?>
<coverage generated="1594984873758" clover="4.4.1">
   <project name="Apache Commons Functor API 1.0-SNAPSHOT" timestamp="0">
      <metrics coveredelements="0" complexity="0" loc="470" methods="0" classes="13" statements="0" packages="1" coveredconditionals="0" coveredmethods="0" elements="0" ncloc="48" files="13" conditionals="0" coveredstatements="0"/>
      <package name="org.apache.commons.functor">
         <metrics coveredelements="0" complexity="0" loc="470" methods="0" classes="13" statements="0" coveredconditionals="0" coveredmethods="0" elements="0" ncloc="48" files="13" conditionals="0" coveredstatements="0"/>
         <file path="/root/qrx/experiment/test-code-transformation/experiment/7/origin/commons-functor-master/api/src/main/java/org/apache/commons/functor/BinaryFunction.java" name="BinaryFunction.java">
            <metrics coveredelements="0" coveredconditionals="0" complexity="0" loc="40" coveredmethods="0" methods="0" elements="0" classes="1" ncloc="4" statements="0" conditionals="0" coveredstatements="0"/>
            <class name="BinaryFunction">
               <metrics coveredelements="0" coveredconditionals="0" complexity="0" coveredmethods="0" methods="0" elements="0" statements="0" conditionals="0" coveredstatements="0"/>
            </class>
         </file>
         <file path="/root/qrx/experiment/test-code-transformation/experiment/7/origin/commons-functor-master/api/src/main/java/org/apache/commons/functor/BinaryFunctor.java" name="BinaryFunctor.java">
            <metrics coveredelements="0" coveredconditionals="0" complexity="0" loc="32" coveredmethods="0" methods="0" elements="0" classes="1" ncloc="3" statements="0" conditionals="0" coveredstatements="0"/>
            <class name="BinaryFunctor">
               <metrics coveredelements="0" coveredconditionals="0" complexity="0" coveredmethods="0" methods="0" elements="0" statements="0" conditionals="0" coveredstatements="0"/>
            </class>
         </file>
         <file path="/root/qrx/experiment/test-code-transformation/experiment/7/origin/commons-functor-master/api/src/main/java/org/apache/commons/functor/BinaryPredicate.java" name="BinaryPredicate.java">
            <metrics coveredelements="0" coveredconditionals="0" complexity="0" loc="40" coveredmethods="0" methods="0" elements="0" classes="1" ncloc="4" statements="0" conditionals="0" coveredstatements="0"/>
            <class name="BinaryPredicate">
               <metrics coveredelements="0" coveredconditionals="0" complexity="0" coveredmethods="0" methods="0" elements="0" statements="0" conditionals="0" coveredstatements="0"/>
            </class>
         </file>
         <file path="/root/qrx/experiment/test-code-transformation/experiment/7/origin/commons-functor-master/api/src/main/java/org/apache/commons/functor/BinaryProcedure.java" name="BinaryProcedure.java">
            <metrics coveredelements="0" coveredconditionals="0" complexity="0" loc="39" coveredmethods="0" methods="0" elements="0" classes="1" ncloc="4" statements="0" conditionals="0" coveredstatements="0"/>
            <class name="BinaryProcedure">
               <metrics coveredelements="0" coveredconditionals="0" complexity="0" coveredmethods="0" methods="0" elements="0" statements="0" conditionals="0" coveredstatements="0"/>
            </class>
         </file>
         <file path="/root/qrx/experiment/test-code-transformation/experiment/7/origin/commons-functor-master/api/src/main/java/org/apache/commons/functor/Function.java" name="Function.java">
            <metrics coveredelements="0" coveredconditionals="0" complexity="0" loc="39" coveredmethods="0" methods="0" elements="0" classes="1" ncloc="4" statements="0" conditionals="0" coveredstatements="0"/>
            <class name="Function">
               <metrics coveredelements="0" coveredconditionals="0" complexity="0" coveredmethods="0" methods="0" elements="0" statements="0" conditionals="0" coveredstatements="0"/>
            </class>
         </file>
         <file path="/root/qrx/experiment/test-code-transformation/experiment/7/origin/commons-functor-master/api/src/main/java/org/apache/commons/functor/Functor.java" name="Functor.java">
            <metrics coveredelements="0" coveredconditionals="0" complexity="0" loc="36" coveredmethods="0" methods="0" elements="0" classes="1" ncloc="3" statements="0" conditionals="0" coveredstatements="0"/>
            <class name="Functor">
               <metrics coveredelements="0" coveredconditionals="0" complexity="0" coveredmethods="0" methods="0" elements="0" statements="0" conditionals="0" coveredstatements="0"/>
            </class>
         </file>
         <file path="/root/qrx/experiment/test-code-transformation/experiment/7/origin/commons-functor-master/api/src/main/java/org/apache/commons/functor/NullaryFunction.java" name="NullaryFunction.java">
            <metrics coveredelements="0" coveredconditionals="0" complexity="0" loc="36" coveredmethods="0" methods="0" elements="0" classes="1" ncloc="4" statements="0" conditionals="0" coveredstatements="0"/>
            <class name="NullaryFunction">
               <metrics coveredelements="0" coveredconditionals="0" complexity="0" coveredmethods="0" methods="0" elements="0" statements="0" conditionals="0" coveredstatements="0"/>
            </class>
         </file>
         <file path="/root/qrx/experiment/test-code-transformation/experiment/7/origin/commons-functor-master/api/src/main/java/org/apache/commons/functor/NullaryFunctor.java" name="NullaryFunctor.java">
            <metrics coveredelements="0" coveredconditionals="0" complexity="0" loc="30" coveredmethods="0" methods="0" elements="0" classes="1" ncloc="3" statements="0" conditionals="0" coveredstatements="0"/>
            <class name="NullaryFunctor">
               <metrics coveredelements="0" coveredconditionals="0" complexity="0" coveredmethods="0" methods="0" elements="0" statements="0" conditionals="0" coveredstatements="0"/>
            </class>
         </file>
         <file path="/root/qrx/experiment/test-code-transformation/experiment/7/origin/commons-functor-master/api/src/main/java/org/apache/commons/functor/NullaryPredicate.java" name="NullaryPredicate.java">
            <metrics coveredelements="0" coveredconditionals="0" complexity="0" loc="35" coveredmethods="0" methods="0" elements="0" classes="1" ncloc="4" statements="0" conditionals="0" coveredstatements="0"/>
            <class name="NullaryPredicate">
               <metrics coveredelements="0" coveredconditionals="0" complexity="0" coveredmethods="0" methods="0" elements="0" statements="0" conditionals="0" coveredstatements="0"/>
            </class>
         </file>
         <file path="/root/qrx/experiment/test-code-transformation/experiment/7/origin/commons-functor-master/api/src/main/java/org/apache/commons/functor/NullaryProcedure.java" name="NullaryProcedure.java">
            <metrics coveredelements="0" coveredconditionals="0" complexity="0" loc="38" coveredmethods="0" methods="0" elements="0" classes="1" ncloc="4" statements="0" conditionals="0" coveredstatements="0"/>
            <class name="NullaryProcedure">
               <metrics coveredelements="0" coveredconditionals="0" complexity="0" coveredmethods="0" methods="0" elements="0" statements="0" conditionals="0" coveredstatements="0"/>
            </class>
         </file>
         <file path="/root/qrx/experiment/test-code-transformation/experiment/7/origin/commons-functor-master/api/src/main/java/org/apache/commons/functor/Predicate.java" name="Predicate.java">
            <metrics coveredelements="0" coveredconditionals="0" complexity="0" loc="38" coveredmethods="0" methods="0" elements="0" classes="1" ncloc="4" statements="0" conditionals="0" coveredstatements="0"/>
            <class name="Predicate">
               <metrics coveredelements="0" coveredconditionals="0" complexity="0" coveredmethods="0" methods="0" elements="0" statements="0" conditionals="0" coveredstatements="0"/>
            </class>
         </file>
         <file path="/root/qrx/experiment/test-code-transformation/experiment/7/origin/commons-functor-master/api/src/main/java/org/apache/commons/functor/Procedure.java" name="Procedure.java">
            <metrics coveredelements="0" coveredconditionals="0" complexity="0" loc="36" coveredmethods="0" methods="0" elements="0" classes="1" ncloc="4" statements="0" conditionals="0" coveredstatements="0"/>
            <class name="Procedure">
               <metrics coveredelements="0" coveredconditionals="0" complexity="0" coveredmethods="0" methods="0" elements="0" statements="0" conditionals="0" coveredstatements="0"/>
            </class>
         </file>
         <file path="/root/qrx/experiment/test-code-transformation/experiment/7/origin/commons-functor-master/api/src/main/java/org/apache/commons/functor/UnaryFunctor.java" name="UnaryFunctor.java">
            <metrics coveredelements="0" coveredconditionals="0" complexity="0" loc="31" coveredmethods="0" methods="0" elements="0" classes="1" ncloc="3" statements="0" conditionals="0" coveredstatements="0"/>
            <class name="UnaryFunctor">
               <metrics coveredelements="0" coveredconditionals="0" complexity="0" coveredmethods="0" methods="0" elements="0" statements="0" conditionals="0" coveredstatements="0"/>
            </class>
         </file>
      </package>
   </project>
   <testproject name="Apache Commons Functor API 1.0-SNAPSHOT" timestamp="0">
      <metrics coveredelements="0" complexity="0" loc="0" methods="0" classes="0" statements="0" packages="0" coveredconditionals="0" coveredmethods="0" elements="0" ncloc="0" files="0" conditionals="0" coveredstatements="0"/>
   </testproject>
</coverage>