<?xml version="1.0" encoding="UTF-8"?>
<testsuite name="org.apache.commons.functor.core.collection.TestFilteredIterable" time="0.005" tests="26" errors="0" skipped="0" failures="0">
  <properties>
[...]
</properties>
  <testcase name="testEmptyList" classname="org.apache.commons.functor.core.collection.TestFilteredIterable" time="0.001"/>
  <testcase name="testNextWithoutHasNext" classname="org.apache.commons.functor.core.collection.TestFilteredIterable" time="0"/>
  <testcase name="testMultipleLevels" classname="org.apache.commons.functor.core.collection.TestFilteredIterable" time="0.003"/>
  <testcase name="testMultipleLevels2" classname="org.apache.commons.functor.core.collection.TestFilteredIterable" time="0"/>
  <testcase name="testRetainNullType" classname="org.apache.commons.functor.core.collection.TestFilteredIterable" time="0"/>
  <testcase name="testRetainNullTypes" classname="org.apache.commons.functor.core.collection.TestFilteredIterable" time="0"/>
  <testcase name="testRetainNullPredicate" classname="org.apache.commons.functor.core.collection.TestFilteredIterable" time="0"/>
  <testcase name="testEmptyFilteredIterable" classname="org.apache.commons.functor.core.collection.TestFilteredIterable" time="0"/>
  <testcase name="testFilterWithFilteredIterableReturnsItself" classname="org.apache.commons.functor.core.collection.TestFilteredIterable" time="0"/>
  <testcase name="testRetainOneType" classname="org.apache.commons.functor.core.collection.TestFilteredIterable" time="0"/>
  <testcase name="testRetainOneType2" classname="org.apache.commons.functor.core.collection.TestFilteredIterable" time="0"/>
  <testcase name="testRetainMultipleTypes" classname="org.apache.commons.functor.core.collection.TestFilteredIterable" time="0"/>
  <testcase name="testSomePass" classname="org.apache.commons.functor.core.collection.TestFilteredIterable" time="0"/>
  <testcase name="testAllPass" classname="org.apache.commons.functor.core.collection.TestFilteredIterable" time="0"/>
  <testcase name="testAllPass2" classname="org.apache.commons.functor.core.collection.TestFilteredIterable" time="0"/>
  <testcase name="testNonePass" classname="org.apache.commons.functor.core.collection.TestFilteredIterable" time="0"/>
  <testcase name="testNextAfterEndOfList" classname="org.apache.commons.functor.core.collection.TestFilteredIterable" time="0"/>
  <testcase name="testNextOnEmptyList" classname="org.apache.commons.functor.core.collection.TestFilteredIterable" time="0"/>
  <testcase name="testRemoveBeforeNext" classname="org.apache.commons.functor.core.collection.TestFilteredIterable" time="0"/>
  <testcase name="testRemoveAfterNext" classname="org.apache.commons.functor.core.collection.TestFilteredIterable" time="0"/>
  <testcase name="testRemoveSome" classname="org.apache.commons.functor.core.collection.TestFilteredIterable" time="0"/>
  <testcase name="testRemoveAll" classname="org.apache.commons.functor.core.collection.TestFilteredIterable" time="0"/>
  <testcase name="testRemoveWithoutHasNext" classname="org.apache.commons.functor.core.collection.TestFilteredIterable" time="0"/>
  <testcase name="testFilterWithNullIteratorReturnsNull" classname="org.apache.commons.functor.core.collection.TestFilteredIterable" time="0"/>
  <testcase name="testObjectEquals" classname="org.apache.commons.functor.core.collection.TestFilteredIterable" time="0.001"/>
  <testcase name="testToStringIsOverridden" classname="org.apache.commons.functor.core.collection.TestFilteredIterable" time="0"/>
</testsuite>