<?xml version="1.0" encoding="UTF-8"?>
<testsuite name="org.apache.commons.functor.range.TestDoubleRange" time="0.016" tests="42" errors="0" skipped="0" failures="0">
  <properties>
[...]
</properties>
  <testcase name="testStepChecking" classname="org.apache.commons.functor.range.TestDoubleRange" time="0.002"/>
  <testcase name="testObjectConstructor" classname="org.apache.commons.functor.range.TestDoubleRange" time="0"/>
  <testcase name="testReverseStep" classname="org.apache.commons.functor.range.TestDoubleRange" time="0"/>
  <testcase name="testStep" classname="org.apache.commons.functor.range.TestDoubleRange" time="0"/>
  <testcase name="testForwardRange" classname="org.apache.commons.functor.range.TestDoubleRange" time="0"/>
  <testcase name="testReverseRange" classname="org.apache.commons.functor.range.TestDoubleRange" time="0"/>
  <testcase name="testClosedClosedAscending" classname="org.apache.commons.functor.range.TestDoubleRange" time="0.001"/>
  <testcase name="testOpenClosedAscending" classname="org.apache.commons.functor.range.TestDoubleRange" time="0"/>
  <testcase name="testClosedOpenAscending" classname="org.apache.commons.functor.range.TestDoubleRange" time="0"/>
  <testcase name="testOpenOpenAscending" classname="org.apache.commons.functor.range.TestDoubleRange" time="0"/>
  <testcase name="testSingleStepAscending" classname="org.apache.commons.functor.range.TestDoubleRange" time="0"/>
  <testcase name="testClosedClosedDescending" classname="org.apache.commons.functor.range.TestDoubleRange" time="0"/>
  <testcase name="testOpenClosedDescending" classname="org.apache.commons.functor.range.TestDoubleRange" time="0"/>
  <testcase name="testClosedOpenDescending" classname="org.apache.commons.functor.range.TestDoubleRange" time="0"/>
  <testcase name="testOpenOpenDescending" classname="org.apache.commons.functor.range.TestDoubleRange" time="0"/>
  <testcase name="testSingleStepDescending" classname="org.apache.commons.functor.range.TestDoubleRange" time="0.001"/>
  <testcase name="testAscending" classname="org.apache.commons.functor.range.TestDoubleRange" time="0.002"/>
  <testcase name="testDescending" classname="org.apache.commons.functor.range.TestDoubleRange" time="0.002"/>
  <testcase name="testToCollection" classname="org.apache.commons.functor.range.TestDoubleRange" time="0"/>
  <testcase name="testTransformedGenerator" classname="org.apache.commons.functor.range.TestDoubleRange" time="0.001"/>
  <testcase name="testEmptyRanges" classname="org.apache.commons.functor.range.TestDoubleRange" time="0"/>
  <testcase name="testBoundaries" classname="org.apache.commons.functor.range.TestDoubleRange" time="0"/>
  <testcase name="testClosedClosedAscendingContains" classname="org.apache.commons.functor.range.TestDoubleRange" time="0.001"/>
  <testcase name="testGenerateListExample" classname="org.apache.commons.functor.range.TestDoubleRange" time="0"/>
  <testcase name="testOpenClosedAscendingContains" classname="org.apache.commons.functor.range.TestDoubleRange" time="0"/>
  <testcase name="testClosedOpenAscendingContains" classname="org.apache.commons.functor.range.TestDoubleRange" time="0.002"/>
  <testcase name="testOpenOpenAscendingContains" classname="org.apache.commons.functor.range.TestDoubleRange" time="0.001"/>
  <testcase name="testContainsSingleStepAscending" classname="org.apache.commons.functor.range.TestDoubleRange" time="0"/>
  <testcase name="testClosedClosedDescendingContains" classname="org.apache.commons.functor.range.TestDoubleRange" time="0"/>
  <testcase name="testOpenClosedDescendingContains" classname="org.apache.commons.functor.range.TestDoubleRange" time="0.001"/>
  <testcase name="testClosedOpenDescendingContains" classname="org.apache.commons.functor.range.TestDoubleRange" time="0"/>
  <testcase name="testOpenOpenDescendingContains" classname="org.apache.commons.functor.range.TestDoubleRange" time="0"/>
  <testcase name="testContainsSingleStepDescending" classname="org.apache.commons.functor.range.TestDoubleRange" time="0.001"/>
  <testcase name="testContainsNullOrEmpty" classname="org.apache.commons.functor.range.TestDoubleRange" time="0"/>
  <testcase name="testContainsAll" classname="org.apache.commons.functor.range.TestDoubleRange" time="0"/>
  <testcase name="testEquals" classname="org.apache.commons.functor.range.TestDoubleRange" time="0"/>
  <testcase name="testToString" classname="org.apache.commons.functor.range.TestDoubleRange" time="0"/>
  <testcase name="testConstructorUsingSameEndpoint" classname="org.apache.commons.functor.range.TestDoubleRange" time="0"/>
  <testcase name="testInvalidRange" classname="org.apache.commons.functor.range.TestDoubleRange" time="0"/>
  <testcase name="testDefaultStep" classname="org.apache.commons.functor.range.TestDoubleRange" time="0.001"/>
  <testcase name="testObjectEquals" classname="org.apache.commons.functor.range.TestDoubleRange" time="0"/>
  <testcase name="testToStringIsOverridden" classname="org.apache.commons.functor.range.TestDoubleRange" time="0"/>
</testsuite>